2025-08-13T10:59:41.510+05:30  INFO 33128 --- [GetAPIwz] [http-nio-8080-exec-2] c.a.G.controller.RapdrpController        : getCircleList()  called for region code : 1
2025-08-13T10:59:41.549+05:30  INFO 33128 --- [GetAPIwz] [http-nio-8080-exec-2] c.a.G.controller.RapdrpController        : Fetching circles for region code: 1
2025-08-13T10:59:43.481+05:30  INFO 33128 --- [GetAPIwz] [http-nio-8080-exec-1] c.a.G.controller.RapdrpController        : getDivisionList()is called for circle code :3424000
2025-08-13T10:59:43.481+05:30  INFO 33128 --- [GetAPIwz] [http-nio-8080-exec-1] c.a.G.controller.RapdrpController        : getDivisionList() Fetching divisions for circle code: 3424000
2025-08-13T10:59:45.410+05:30  INFO 33128 --- [GetAPIwz] [http-nio-8080-exec-3] c.a.G.controller.RapdrpController        : getDcListByDivision()is called for division code: 3424500
2025-08-13T10:59:45.411+05:30  INFO 33128 --- [GetAPIwz] [http-nio-8080-exec-3] c.a.G.controller.RapdrpController        : getDcListByDivision()Fetching Distribution center for division code: 3424500
2025-08-13T10:59:47.255+05:30  INFO 33128 --- [GetAPIwz] [http-nio-8080-exec-4] c.a.G.controller.RapdrpController        : getFeederCountDashboard_11kv() called for parameter :com.anilscript.GetAPIwz.model.SurveySearchModel@12aa3725
2025-08-13T10:59:50.939+05:30  INFO 33128 --- [GetAPIwz] [http-nio-8080-exec-5] c.a.G.controller.RapdrpController        : getRapdrpDTRMapView() called for parameter :RapdrpLocationModel(LocationId=null, code_of_region=1, name_of_region=null, name_of_circle=null, code_of_circle=3424000, name_of_division=null, code_of_division=3424500, name_of_distribution_center=null, code_of_distribution_center=3424507, name_of_feeder=null, code_of_feeder=8022733804, type_of_feeder=1, sub_station_code=null)
2025-08-13T11:11:49.181+05:30  INFO 33128 --- [GetAPIwz] [http-nio-8080-exec-7] c.a.G.controller.RapdrpController        : getCircleList()  called for region code : 1
2025-08-13T11:11:49.181+05:30  INFO 33128 --- [GetAPIwz] [http-nio-8080-exec-7] c.a.G.controller.RapdrpController        : Fetching circles for region code: 1
2025-08-13T11:11:50.863+05:30  INFO 33128 --- [GetAPIwz] [http-nio-8080-exec-6] c.a.G.controller.RapdrpController        : getDivisionList()is called for circle code :3424000
2025-08-13T11:11:50.863+05:30  INFO 33128 --- [GetAPIwz] [http-nio-8080-exec-6] c.a.G.controller.RapdrpController        : getDivisionList() Fetching divisions for circle code: 3424000
2025-08-13T11:11:52.906+05:30  INFO 33128 --- [GetAPIwz] [http-nio-8080-exec-8] c.a.G.controller.RapdrpController        : getDcListByDivision()is called for division code: 3424500
2025-08-13T11:11:52.906+05:30  INFO 33128 --- [GetAPIwz] [http-nio-8080-exec-8] c.a.G.controller.RapdrpController        : getDcListByDivision()Fetching Distribution center for division code: 3424500
2025-08-13T11:11:54.516+05:30  INFO 33128 --- [GetAPIwz] [http-nio-8080-exec-9] c.a.G.controller.RapdrpController        : getFeederCountDashboard_11kv() called for parameter :com.anilscript.GetAPIwz.model.SurveySearchModel@45c21018
2025-08-13T11:11:57.904+05:30  INFO 33128 --- [GetAPIwz] [http-nio-8080-exec-10] c.a.G.controller.RapdrpController        : getRapdrpDTRMapView() called for parameter :RapdrpLocationModel(LocationId=null, code_of_region=1, name_of_region=null, name_of_circle=null, code_of_circle=3424000, name_of_division=null, code_of_division=3424500, name_of_distribution_center=null, code_of_distribution_center=3424507, name_of_feeder=null, code_of_feeder=8022738259, type_of_feeder=1, sub_station_code=null)
2025-08-13T11:50:43.072+05:30  INFO 33128 --- [GetAPIwz] [http-nio-8080-exec-4] c.a.G.controller.RapdrpController        : getCircleList()  called for region code : 1
2025-08-13T11:50:43.072+05:30  INFO 33128 --- [GetAPIwz] [http-nio-8080-exec-4] c.a.G.controller.RapdrpController        : Fetching circles for region code: 1
2025-08-13T11:50:44.125+05:30  INFO 33128 --- [GetAPIwz] [http-nio-8080-exec-5] c.a.G.controller.RapdrpController        : getCircleList()  called for region code : 2
2025-08-13T11:50:44.125+05:30  INFO 33128 --- [GetAPIwz] [http-nio-8080-exec-5] c.a.G.controller.RapdrpController        : Fetching circles for region code: 2
2025-08-13T11:50:45.888+05:30  INFO 33128 --- [GetAPIwz] [http-nio-8080-exec-7] c.a.G.controller.RapdrpController        : getDivisionList()is called for circle code :3521000
2025-08-13T11:50:45.889+05:30  INFO 33128 --- [GetAPIwz] [http-nio-8080-exec-7] c.a.G.controller.RapdrpController        : getDivisionList() Fetching divisions for circle code: 3521000
2025-08-13T11:50:52.881+05:30  INFO 33128 --- [GetAPIwz] [http-nio-8080-exec-6] c.a.G.controller.RapdrpController        : getDcListByDivision()is called for division code: 3525100
2025-08-13T11:50:52.881+05:30  INFO 33128 --- [GetAPIwz] [http-nio-8080-exec-6] c.a.G.controller.RapdrpController        : getDcListByDivision()Fetching Distribution center for division code: 3525100
2025-08-13T11:50:55.135+05:30  INFO 33128 --- [GetAPIwz] [http-nio-8080-exec-8] c.a.G.controller.RapdrpController        : getFeederCountDashboard_11kv() called for parameter :com.anilscript.GetAPIwz.model.SurveySearchModel@539af6d0
